Arguments: 
  /usr/local/bin/node /opt/homebrew/Cellar/yarn/1.22.18/libexec/bin/yarn.js add @graphprotocol/graph-cli@0.18.0

PATH: 
  /Users/audreytaylor-akwenye/opt/anaconda3/bin:/Users/audreytaylor-akwenye/opt/anaconda3/condabin:/opt/homebrew/bin:/opt/homebrew/sbin:/usr/local/bin:/usr/bin:/bin:/usr/sbin:/sbin

Yarn version: 
  1.22.18

Node version: 
  16.14.2

Platform: 
  darwin arm64

Trace: 
  Error: https://github.com/hugomrdias/ndjson: socket hang up
      at connResetException (node:internal/errors:691:14)
      at TLSSocket.socketOnEnd (node:_http_client:466:23)
      at TLSSocket.emit (node:events:538:35)
      at endReadableNT (node:internal/streams/readable:1345:12)
      at processTicksAndRejections (node:internal/process/task_queues:83:21)

npm manifest: 
  {
    "name": "@nouns/subgraph",
    "version": "0.1.0",
    "description": "A subgraph that indexes nouns events",
    "author": "Nounders",
    "homepage": "https://nouns.wtf",
    "license": "GPL-3.0",
    "main": "build/index.js",
    "directories": {
      "src": "src"
    },
    "scripts": {
      "clean": "rimraf ./src/types ./build subgraph.yaml",
      "codegen": "graph codegen --output-dir src/types/",
      "deploy": "graph deploy --debug --node https://api.thegraph.com/deploy/ --ipfs https://api.thegraph.com/ipfs/",
      "prepare:rinkeby": "mustache config/rinkeby.json subgraph.yaml.mustache > subgraph.yaml",
      "prepare:mainnet": "mustache config/mainnet.json subgraph.yaml.mustache > subgraph.yaml",
      "deploy:rinkeby": "yarn clean && yarn prepare:rinkeby && yarn codegen && yarn deploy nounsdao/nouns-subgraph-rinkeby",
      "deploy:mainnet": "yarn clean && yarn prepare:mainnet && yarn codegen && yarn deploy nounsdao/nouns-subgraph"
    },
    "devDependencies": {
      "mustache": "^4.2.0"
    },
    "dependencies": {}
  }

yarn manifest: 
  No manifest

Lockfile: 
  # THIS IS AN AUTOGENERATED FILE. DO NOT EDIT THIS FILE DIRECTLY.
  # yarn lockfile v1
  
  
  mustache@^4.2.0:
    version "4.2.0"
    resolved "https://registry.yarnpkg.com/mustache/-/mustache-4.2.0.tgz#e5892324d60a12ec9c2a73359edca52972bf6f64"
    integrity sha512-71ippSywq5Yb7/tVYyGbkBggbU8H3u5Rz56fH60jGFgr8uHwxs+aSKeqmluIVzM0m0kB7xQjKS6qPfd0b2ZoqQ==
